0 info it worked if it ends with ok
1 verbose cli [ '/usr/bin/nodejs', '/usr/bin/npm', 'run', 'dist' ]
2 info using npm@2.14.20
3 info using node@v4.4.0
4 verbose run-script [ 'predist', 'dist', 'postdist' ]
5 info predist jslights@0.6.1
6 info dist jslights@0.6.1
7 verbose unsafe-perm in lifecycle true
8 info jslights@0.6.1 Failed to exec dist script
9 verbose stack Error: jslights@0.6.1 dist: `babel index.js -o _es5.js && browserify _es5.js -o dist/jslights.js && uglifyjs dist/jslights.js -o dist/jslights.js && rm _es5.js`
9 verbose stack spawn ENOENT
9 verbose stack     at ChildProcess.<anonymous> (/usr/lib/node_modules/npm/lib/utils/spawn.js:17:16)
9 verbose stack     at emitTwo (events.js:87:13)
9 verbose stack     at ChildProcess.emit (events.js:172:7)
9 verbose stack     at maybeClose (internal/child_process.js:827:16)
9 verbose stack     at Process.ChildProcess._handle.onexit (internal/child_process.js:211:5)
10 verbose pkgid jslights@0.6.1
11 verbose cwd /home/domagoj/www/jslights
12 error Linux 4.2.0-16-generic
13 error argv "/usr/bin/nodejs" "/usr/bin/npm" "run" "dist"
14 error node v4.4.0
15 error npm  v2.14.20
16 error file sh
17 error code ELIFECYCLE
18 error errno ENOENT
19 error syscall spawn
20 error jslights@0.6.1 dist: `babel index.js -o _es5.js && browserify _es5.js -o dist/jslights.js && uglifyjs dist/jslights.js -o dist/jslights.js && rm _es5.js`
20 error spawn ENOENT
21 error Failed at the jslights@0.6.1 dist script 'babel index.js -o _es5.js && browserify _es5.js -o dist/jslights.js && uglifyjs dist/jslights.js -o dist/jslights.js && rm _es5.js'.
21 error This is most likely a problem with the jslights package,
21 error not with npm itself.
21 error Tell the author that this fails on your system:
21 error     babel index.js -o _es5.js && browserify _es5.js -o dist/jslights.js && uglifyjs dist/jslights.js -o dist/jslights.js && rm _es5.js
21 error You can get information on how to open an issue for this project with:
21 error     npm bugs jslights
21 error Or if that isn't available, you can get their info via:
21 error
21 error     npm owner ls jslights
21 error There is likely additional logging output above.
22 verbose exit [ 1, true ]
